20150729-214713.793: t=130f: Info: GetFolderPersistence: Constructing FolderPersistence (AppDelegate.mm.operator().165)
20150729-214713.793: t=130f: Info: jura.db: Opened database at /Users/Guest/Library/Application Support/Adobe/CoreSync/coresync.db (Database.cpp.Database.62)
20150729-214713.796: t=130f: VerifyAndRepair: checking DB structure
20150729-214713.796: t=130f: Info: jura.db.verification: Database Integrity Verification Started (DatabaseVerifier.cpp.verifyIntegrity.341)
20150729-214713.796: t=130f: Info: jura.db.verification: Database Integrity Verification Succeeded (DatabaseVerifier.cpp.verifyIntegrity.356)
20150729-214713.796: t=130f: Info: jura.db.verification: Database Schema Verification Started (DatabaseVerifier.cpp.verifySchema.366)
20150729-214713.797: t=130f: Info: jura.db.verification: Database Schema Verification Succeeded (DatabaseVerifier.cpp.verifySchema.419)
20150729-214713.797: t=130f: VerifyAndRepair: result is 1
20150729-214713.797: t=130f: OSVer: Version 10.10.3 (Build 14D136); Arch: i486; AppVer: 1.4.1.158;
20150729-214713.797: t=130f: kHostVersion: 30
20150729-214713.806: t=130f: Info: jura.db: Closed database at /Users/Guest/Library/Application Support/Adobe/CoreSync/coresync.db (Database.cpp.close.93)
20150729-214713.806: t=130f: ACCController::Init
20150729-214713.818: t=130f: ACCController::Init: init fileState cache
20150729-214713.822: t=130f: Info: ipc: Begin VulcanMessageAdapter initialization (VulcanMessageAdapter.cpp.VulcanMessageAdapter.169)
20150729-214713.822: t=130f: Always: ipc: VulcanMessageAdapter configuring IVulcanMessageDispatcher (VulcanMessageAdapter.cpp.VulcanMessageAdapter.171)
20150729-214713.824: t=130f: Always: ipc: VulcanMessageAdapter refreshing endpoints (VulcanMessageAdapter.cpp.VulcanMessageAdapter.226)
20150729-214713.824: t=5a1f: Always: ipc: VulcanMessageAdapter switching to point to point (VulcanMessageAdapter.cpp.refreshEndPointsCallback.110)
20150729-214713.824: t=130f: Always: ipc: VulcanMessageAdapter initialization done (VulcanMessageAdapter.cpp.VulcanMessageAdapter.249)
20150729-214713.824: t=130f: Info: ipc: End VulcanMessageAdapter initialization (VulcanMessageAdapter.cpp.VulcanMessageAdapter.169)
20150729-214713.825: t=130f: Info: transfer: setTargetDataRates: 0 upload, 0 download (TransferEngineImpl.cpp.setTargetDataRates.792)
20150729-214713.825: t=130f: CsGetWorkerThreads: greensync initialised to off
20150729-214713.825: t=130f: WorkerThreads: 8
20150729-214713.825: t=130f: Info: transfer: setTargetDataRates: 0 upload, 0 download (TransferEngineImpl.cpp.setTargetDataRates.792)
20150729-214713.827: t=130f: Info: transfer: Setting proxy type to 2 (TransferEngineImpl.cpp.setPrefProxyType.749)
20150729-214713.827: t=130f: Info: app: Begin Starting up (AppController.cpp.startup.173)
20150729-214713.828: t=130f: Info: network: Begin Starting network monitor (MNetworkMonitor.cpp.start.77)
20150729-214713.828: t=130f: Info: network: End Starting network monitor (MNetworkMonitor.cpp.start.77)
20150729-214713.834: t=130f: Info: ipc: Broadcasting sync.out.broadcast.app.startedup 13e24dba-acee-487d-89f3-f4341bf3fec1 (IpcController.cpp.sendBroadcast.197)
20150729-214713.834: t=130f: Info: app: End Starting up (AppController.cpp.startup.173)
20150729-214713.835: t=130f: ACCController::Init: add notification observers
20150729-214713.837: t=130f: BaseControllerDelegate::pushSyncStatus: sent CoreSyncStateSyncDisabled (11)
20150729-214713.837: t=130f: ACCController::updateWithState: 11
20150729-214713.837: t=130f: Info: Loading plugins from folder: '/Applications/Utilities/Adobe Creative Cloud/CoreSyncPlugins'
20150729-214713.837: t=130f: Info: Loading plugins from folder: '/Applications/Utilities/Adobe Creative Cloud/CoreSyncPlugins/CCSyncPlugin'
20150729-214713.839: t=130f: Info: Plugin loaded: '/Applications/Utilities/Adobe Creative Cloud/CoreSyncPlugins/CCSyncPlugin/CCSyncPlugin.framework'
20150729-214713.839: t=130f: Info: Loading plugins from folder: '/Applications/Utilities/Adobe Creative Cloud/CoreSyncPlugins/DesignLibraryPlugin'
20150729-214713.843: t=130f: Info: Plugin loaded: '/Applications/Utilities/Adobe Creative Cloud/CoreSyncPlugins/DesignLibraryPlugin/DesignLibraryPlugin.framework'
20150729-214713.843: t=130f: Info: Loading plugins from folder: '/Applications/Utilities/Adobe Creative Cloud/CoreSyncPlugins/ExchangePlugin'
20150729-214713.847: t=130f: Info: Plugin loaded: '/Applications/Utilities/Adobe Creative Cloud/CoreSyncPlugins/ExchangePlugin/ExchangePlugin.framework'
20150729-214713.847: t=130f: Info: Loading plugins from folder: '/Applications/Utilities/Adobe Creative Cloud/CoreSyncPlugins/LiveType'
20150729-214713.849: t=130f: Info: Plugin loaded: '/Applications/Utilities/Adobe Creative Cloud/CoreSyncPlugins/LiveType/LiveType.framework'
20150729-214713.849: t=130f: Info: Loading plugins from folder: '/Applications/Utilities/Adobe Creative Cloud/CoreSyncPlugins/SynKit'
20150729-214713.868: t=130f: Info: Plugin loaded: '/Applications/Utilities/Adobe Creative Cloud/CoreSyncPlugins/SynKit/SynKit.framework'
20150729-214713.868: t=130f: Info: AppHookControllerImpl::onStartup in
20150729-214713.869: t=130f: Info: CCSyncPluginHook::onStartup
20150729-214713.869: t=130f: Always: ipc: VulcanMessageAdapter::sendText unable to find endpoint for appID PSHP, appVersion 15.0, broadcasting (VulcanMessageAdapter.cpp.sendText.593)
20150729-214713.869: t=130f: Info: CCSyncPluginHook::locale: en_US
20150729-214713.869: t=130f: Info: CCSyncPlugin +++  onStartup 
20150729-214713.870: t=130f: Info: [DesignLibraryPlugin] [DesignLibraryAppHook.cpp:onStartup:53] onStartup +++
20150729-214713.870: t=130f: Info: [DesignLibraryPlugin] [DesignLibraryAppHook.cpp:onStartup:56] Init plugin-mgr...
20150729-214713.870: t=130f: Info: [DesignLibraryPlugin] [DesignLibraryManager.cpp:Init:95] Init file system...
20150729-214713.870: t=130f: Info: [DesignLibraryPlugin] [DesignLibraryManager.cpp:InitFileSystem:168] DesignLibraryPlugin version is "1.0.1.30"
20150729-214713.870: t=130f: Info: [DesignLibraryPlugin] [DesignLibraryManager.cpp:Init:102] Register msg handler...
20150729-214713.870: t=130f: Info: [DesignLibraryPlugin] [DesignLibraryManager.cpp:Init:106] Init done.
20150729-214713.870: t=130f: Info: [DesignLibraryPlugin] [DesignLibraryAppHook.cpp:onStartup:72] add sync path filter "/assets/adobe-libraries"...
20150729-214713.870: t=130f: Info: [DesignLibraryPlugin] [DesignLibraryAppHook.cpp:onStartup:79] register interest path "/assets/adobe-libraries/"...
20150729-214713.874: t=6637: Info: [ExchangePlugin] (EPTaskManager.cpp, 504 ) --initMainloop: initMainloop begin, and begin check if core lib is loaded..., version is 1.4.0.375
20150729-214713.874: t=130f: Info: [livetype] onStartup
20150729-214713.875: t=130f: Info: [livetype] onStartup => success
20150729-214713.875: t=130f: Info: AppHookControllerImpl::onStartup out
20150729-214713.887: t=5a1f: updateTransferNetworkPreferences: Got proxy type 2 without user credentials
20150729-214713.887: t=5a1f: Info: transfer: Setting proxy type to 2 (TransferEngineImpl.cpp.setPrefProxyType.749)
20150729-214713.890: t=5a1f: Info: [livetype] onTextReceived cosy.fonts.UpdatePreferencesRequest
20150729-214713.890: t=672b: Info: [livetype]  sendText accc.fonts.UpdatePreferencesResponse (success)
20150729-214713.890: t=672b: Info: [livetype] syncStatus: ON
20150729-214713.892: t=130f: ACCController::injectFinderExt
20150729-214713.894: t=130f: ACCController::doInjectFinderExt: injectExt = 1
20150729-214713.894: t=130f: ACCController::doInjectFinderExt: appIdentifier: com.apple.finder
20150729-214713.954: t=130f: ACCController::doInjectFinderExt: launch helper tool at path:/Applications/Utilities/Adobe Creative Cloud/CoreSyncExtension/ACCFinderBundleLoader_64.app/Contents/MacOS/ACCFinderBundleLoader_64
20150729-214713.979: t=6637: Error: [ExchangePlugin] (EPTaskManager.cpp, 612 ) --createEntitlementFileFolder: makeWritableForAllUsers() failed for "/Library/Application Support/Adobe/Extension Manager CC/Configuration/Entitlement", status is -47!
20150729-214714.048: t=130f: mach_inject: found threadEntry image at: 0x108ffa000 with size: 19936
20150729-214714.072: t=130f: mach_inject::get_offset: lib : /usr/lib/system/libsystem_kernel.dylib, finder addr:0x7fff82c58000
20150729-214714.074: t=130f: mach_inject::get_offset: lib : /usr/lib/system/libsystem_pthread.dylib, finder addr:0x7fff88869000
20150729-214714.074: t=130f: mach_inject::get_offset: lib : /usr/lib/system/libdyld.dylib, finder addr:0x7fff8cb5a000
20150729-214714.084: t=130f: mach_inject::get_offset: lib : /usr/lib/system/libsystem_kernel.dylib, self addr:0x7fff82c58000
20150729-214714.086: t=130f: mach_inject::get_offset: lib : /usr/lib/system/libsystem_pthread.dylib, self addr:0x7fff88869000
20150729-214714.087: t=130f: mach_inject::get_offset: lib : /usr/lib/system/libdyld.dylib, self addr:0x7fff8cb5a000
20150729-214714.087: t=130f: mach_inject::get_offset: offset 0, 0x0
20150729-214714.087: t=130f: mach_inject::get_offset: offset 1, 0x0
20150729-214714.087: t=130f: mach_inject::get_offset: offset 2, 0x0
20150729-214714.088: t=130f: ACCFinderBundleLoader: Finder Extension injected succsessfully
20150729-214714.121: t=130f: ACCFinderExtenson::loadBundle: path = /Applications/Utilities/Adobe Creative Cloud/CoreSyncExtension/ACCFinderBundleLoader_64.app/Contents/Frameworks/ACCFinderInnerExtesion.bundle
20150729-214714.164: t=130f: ACCController::finderInitSuccessfull: injectExt:YES
20150729-214714.169: t=130f: ACCFinderExtensionController::init: intialization succsessfull
20150729-214742.764: t=130f: ACCController::doInjectFinderExt: injectExt = 1
20150729-214742.764: t=130f: ACCController::doInjectFinderExt: appIdentifier: com.apple.systempreferences
20150729-214742.764: t=130f: ACCController::doInjectFinderExt: app identifier: com.apple.systempreferences not equal to com.apple.finder
