20160620-012409.456: t=160b: Always: RetroEnvironment: reportAppVersionString: CoreSync v.2.0.1.178 unk (RetroEnvironment.cpp.reportAppVersionString.43)
20160620-012409.457: t=160b: Always: RetroEnvironment: reportDetailedOsVersionInfo: OSVer: Version 10.11.3 (Build 15D21); Arch: i486; AppVer: 2.0.1.178 (RetroEnvironment.cpp.reportDetailedOsVersionInfo.51)
20160620-012409.457: t=160b: Always: RetroEnvironment: reportHostVersionInfo: kHostVersion: 32 (RetroEnvironment.cpp.reportHostVersionInfo.73)
20160620-012409.457: t=160b: Info: Loading plugins from folder: '/Applications/Utilities/Adobe Creative Cloud/CoreSyncPlugins'
20160620-012409.457: t=160b: Info: Loading plugins from folder: '/Applications/Utilities/Adobe Creative Cloud/CoreSyncPlugins/CCSyncPlugin'
20160620-012409.460: t=160b: Info: Plugin loaded: '/Applications/Utilities/Adobe Creative Cloud/CoreSyncPlugins/CCSyncPlugin/CCSyncPlugin.framework'
20160620-012409.460: t=160b: Info: Loading plugins from folder: '/Applications/Utilities/Adobe Creative Cloud/CoreSyncPlugins/DesignLibraryPlugin'
20160620-012409.463: t=160b: Info: Plugin loaded: '/Applications/Utilities/Adobe Creative Cloud/CoreSyncPlugins/DesignLibraryPlugin/DesignLibraryPlugin.framework'
20160620-012409.463: t=160b: Info: Loading plugins from folder: '/Applications/Utilities/Adobe Creative Cloud/CoreSyncPlugins/ExchangePlugin'
20160620-012409.466: t=160b: Info: Plugin loaded: '/Applications/Utilities/Adobe Creative Cloud/CoreSyncPlugins/ExchangePlugin/ExchangePlugin.framework'
20160620-012409.466: t=160b: Info: Loading plugins from folder: '/Applications/Utilities/Adobe Creative Cloud/CoreSyncPlugins/LiveType'
20160620-012409.475: t=160b: Info: Plugin loaded: '/Applications/Utilities/Adobe Creative Cloud/CoreSyncPlugins/LiveType/LiveType.framework'
20160620-012409.475: t=160b: Info: Loading plugins from folder: '/Applications/Utilities/Adobe Creative Cloud/CoreSyncPlugins/SynKit'
20160620-012409.478: t=160b: Info: Plugin loaded: '/Applications/Utilities/Adobe Creative Cloud/CoreSyncPlugins/SynKit/SynKit.framework'
20160620-012409.478: t=160b: Info: AppHookControllerImpl::onStartup in
20160620-012409.479: t=160b: Info: CCSyncPluginHook::onStartup
20160620-012409.479: t=160b: Info: CCSyncPlugin +++  onStartup 
20160620-012409.479: t=160b: Info: [DesignLibraryPlugin] [DesignLibraryAppHook.cpp:onStartup:51] onStartup +++
20160620-012409.479: t=160b: Info: [DesignLibraryPlugin] [DesignLibraryAppHook.cpp:onStartup:54] Init plugin-mgr...
20160620-012409.479: t=160b: Info: [DesignLibraryPlugin] [DesignLibraryManager.cpp:Init:93] Init file system...
20160620-012409.479: t=160b: Info: [DesignLibraryPlugin] [DesignLibraryManager.cpp:InitFileSystem:166] DesignLibraryPlugin version is "1.0.1.35"
20160620-012409.479: t=160b: Info: [DesignLibraryPlugin] [DesignLibraryManager.cpp:Init:100] Register msg handler...
20160620-012409.479: t=160b: Info: [DesignLibraryPlugin] [DesignLibraryManager.cpp:Init:104] Init done.
20160620-012409.479: t=160b: Info: [DesignLibraryPlugin] [DesignLibraryAppHook.cpp:onStartup:72] register interest path "/assets/adobe-libraries/"...
20160620-012409.484: t=5f03: Info: [ExchangePlugin] (EPTaskManager.cpp, 504 ) --initMainloop: initMainloop begin, and begin check if core lib is loaded..., version is 1.4.0.404
20160620-012409.484: t=160b: Info: [livetype] onStartup
20160620-012409.490: t=160b: Info: [livetype] onStartup => success
20160620-012409.491: t=160b: Info: AppHookControllerImpl::onStartup out
20160620-012409.491: t=160b: Info: jura: Begin Starting network monitor (NetworkMonitor_mac.mm.start.81)
20160620-012409.491: t=160b: Info: jura: End Starting network monitor (NetworkMonitor_mac.mm.start.81)
20160620-012409.491: t=160b: Info: extension.helper: listing pluginkit extensions (AppExtensionHelper.mm.listExtensions.41)
20160620-012409.491: t=160b: Info: extension.helper:  > Launching: /usr/bin/pluginkit -m -A (AppExtensionHelper.mm.runPreparedTaskWithOutputCopy.208)
20160620-012409.556: t=160b: Info: extension.helper:  >> Return Code: 0 (AppExtensionHelper.mm.runPreparedTaskWithOutputCopy.213)
20160620-012409.557: t=160b: Info: extension.helper: Completed listing task: SUCCESS (AppExtensionHelper.mm.listExtensions.49)
20160620-012409.557: t=160b: Info: extension.helper: extension is NOT INITIALIZED (AppExtensionHelper.mm.isExtensionInitialized.144)
20160620-012409.557: t=160b: Info: MShellUxWrapper: Forcing Finder appex initialization (MShellUxWrapper.mm.-[MShellUxWrapper verifyAutomaticFinderAppexEnablement].117)
20160620-012409.557: t=160b: Info: MShellUxWrapper: setHasForceInitializedExtension:  (MShellUxWrapper.mm.-[MShellUxWrapper setHasForceInitializedExtension:].134)
20160620-012409.558: t=160b: Info: extension.helper: listing pluginkit extensions (AppExtensionHelper.mm.listExtensions.41)
20160620-012409.558: t=160b: Info: extension.helper:  > Launching: /usr/bin/pluginkit -m -A (AppExtensionHelper.mm.runPreparedTaskWithOutputCopy.208)
20160620-012409.568: t=5f03: Error: [ExchangePlugin] (EPTaskManager.cpp, 612 ) --createEntitlementFileFolder: makeWritableForAllUsers() failed for "/Library/Application Support/Adobe/Extension Manager CC/Configuration/Entitlement", status is -47!
20160620-012409.623: t=160b: Info: extension.helper:  >> Return Code: 0 (AppExtensionHelper.mm.runPreparedTaskWithOutputCopy.213)
20160620-012409.623: t=160b: Info: extension.helper: Completed listing task: SUCCESS (AppExtensionHelper.mm.listExtensions.49)
20160620-012409.623: t=160b: Info: extension.helper: initializeExtension: enabling app extension identifier: com.adobe.accmac.ACCFinderSync (AppExtensionHelper.mm.enableExtension.127)
20160620-012409.623: t=160b: Info: extension.helper:  > Launching: /usr/bin/pluginkit -e use -i com.adobe.accmac.ACCFinderSync (AppExtensionHelper.mm.runPreparedTaskWithOutputCopy.208)
20160620-012409.689: t=160b: Info: extension.helper:  >> Return Code: 0 (AppExtensionHelper.mm.runPreparedTaskWithOutputCopy.213)
20160620-012409.689: t=160b: Info: extension.helper: Completed enableTask: FAILED (AppExtensionHelper.mm.enableExtension.133)
20160620-012409.689: t=160b: Info: extension.helper: enabled extension: FAILURE (AppExtensionHelper.mm.initializeExtension.167)
20160620-012409.689: t=160b: Info: extension.helper: listing pluginkit extensions (AppExtensionHelper.mm.listExtensions.41)
20160620-012409.689: t=160b: Info: extension.helper:  > Launching: /usr/bin/pluginkit -m -A (AppExtensionHelper.mm.runPreparedTaskWithOutputCopy.208)
20160620-012409.755: t=160b: Info: extension.helper:  >> Return Code: 0 (AppExtensionHelper.mm.runPreparedTaskWithOutputCopy.213)
20160620-012409.755: t=160b: Info: extension.helper: Completed listing task: SUCCESS (AppExtensionHelper.mm.listExtensions.49)
20160620-012409.755: t=160b: Info: extension.helper: extension is INITIALIZED (AppExtensionHelper.mm.isExtensionInitialized.144)
20160620-012409.756: t=160b: Info: FolderPersistenceSqliteImpl: VerifyAndRepair: checking DB structure (FolderPersistenceSqliteImpl.cpp.VerifyAndRepair.296)
20160620-012409.756: t=160b: Info: jura.db.verification: Database Integrity Verification Started (DatabaseVerifier.cpp.verifyIntegrity.345)
20160620-012409.756: t=160b: Info: jura.db.verification: Database Integrity Verification Succeeded (DatabaseVerifier.cpp.verifyIntegrity.360)
20160620-012409.756: t=160b: Info: jura.db.verification: Database Schema Verification Started (DatabaseVerifier.cpp.verifySchema.370)
20160620-012409.756: t=160b: Info: jura.db.verification: Database Schema Verification Succeeded (DatabaseVerifier.cpp.verifySchema.412)
20160620-012409.757: t=160b: Info: FolderPersistenceSqliteImpl: VerifyAndRepair: result is 1 (FolderPersistenceSqliteImpl.cpp.VerifyAndRepair.321)
20160620-012409.757: t=160b: Info: LocalisingEnvironment: start (LocalisingEnvironment.cpp.start.30)
20160620-012409.757: t=160b: Info: AppShell: End start (AppShell.cpp.startup.138)
20160620-012409.757: t=5d07: Info: app: Begin Starting up (AppController.cpp.startHandler.227)
20160620-012409.757: t=5d07: Info: ipc: Broadcasting sync.out.broadcast.app.startedup d482a8a7-a4a9-4d8c-a414-51d9f9f5fcef (IpcController.cpp.sendBroadcast.143)
20160620-012409.758: t=5d07: Info: app: End Starting up (AppController.cpp.startHandler.227)
20160620-012409.829: t=5b07: Info: [livetype] onTextReceived cosy.fonts.UpdatePreferencesRequest
20160620-012409.829: t=6103: Info: [livetype]  sendText accc.fonts.UpdatePreferencesResponse (success)
20160620-012409.830: t=6103: Info: [livetype] syncStatus: ON
20160620-012417.464: t=160b: Info: MShellUxWrapper: Finder extension initialization successful (MShellUxWrapper.mm.-[MShellUxWrapper finderInitSuccessful:].186)
20160620-012417.465: t=160b: Always: explinder: Info: extension.bridge: Attempting to attach shared connection (ACCFinderBridge.mm.-[ACCFinderBridge setupCommunication].279) (ExplinderCallbackListenerWrapper.cpp.appendToLog.51)
20160620-012417.465: t=160b: Always: explinder: Info: extension.bridge: intialization succsessfull (ACCFinderBridge.mm.-[ACCFinderBridge init].184) (ExplinderCallbackListenerWrapper.cpp.appendToLog.51)
20160620-012417.465: t=160b: Always: explinder: Info: extension.findersync: init. compiled: Jan 22 2016 13:24:13 (ACCFinderSync.mm.-[ACCFinderSync initWithOverriddenController:].40) (ExplinderCallbackListenerWrapper.cpp.appendToLog.51)
